[debug] [2020-03-26T17:34:53.375Z] ----------------------------------------------------------------------
[debug] [2020-03-26T17:34:53.378Z] Command:       C:\Program Files\nodejs\node.exe C:\Users\Steve\AppData\Roaming\npm\node_modules\firebase-tools\lib\bin\firebase.js init
[debug] [2020-03-26T17:34:53.378Z] CLI Version:   7.16.1
[debug] [2020-03-26T17:34:53.378Z] Platform:      win32
[debug] [2020-03-26T17:34:53.378Z] Node Version:  v12.16.1
[debug] [2020-03-26T17:34:53.382Z] Time:          Thu Mar 26 2020 13:34:53 GMT-0400 (Eastern Daylight Time)
[debug] [2020-03-26T17:34:53.382Z] ----------------------------------------------------------------------
[debug] [2020-03-26T17:34:53.382Z] 
[debug] [2020-03-26T17:34:53.400Z] > command requires scopes: ["email","openid","https://www.googleapis.com/auth/cloudplatformprojects.readonly","https://www.googleapis.com/auth/firebase","https://www.googleapis.com/auth/cloud-platform"]
[debug] [2020-03-26T17:34:53.402Z] > authorizing via signed-in user
[info] 
     ######## #### ########  ######## ########     ###     ######  ########
     ##        ##  ##     ## ##       ##     ##  ##   ##  ##       ##
     ######    ##  ########  ######   ########  #########  ######  ######
     ##        ##  ##    ##  ##       ##     ## ##     ##       ## ##
     ##       #### ##     ## ######## ########  ##     ##  ######  ########

You're about to initialize a Firebase project in this directory:

  C:\Users\Steve\Desktop\Firebase Image Upload\output\ImageGalleryWithAngularAndFirebase

[info] 
=== Project Setup
[info] 
[info] First, let's associate this project directory with a Firebase project.
[info] You can create multiple project aliases by running firebase use --add, 
[info] but for now we'll just set up a default project.
[info] 
[debug] [2020-03-26T17:35:20.843Z] > refreshing access token with scopes: ["email","https://www.googleapis.com/auth/cloud-platform","https://www.googleapis.com/auth/cloudplatformprojects.readonly","https://www.googleapis.com/auth/firebase","openid"]
[debug] [2020-03-26T17:35:20.843Z] >>> HTTP REQUEST POST https://www.googleapis.com/oauth2/v3/token  
 <request body omitted>
[debug] [2020-03-26T17:35:21.078Z] <<< HTTP RESPONSE 200
[debug] [2020-03-26T17:35:21.103Z] >>> HTTP REQUEST GET https://firebase.googleapis.com/v1beta1/projects?pageSize=100  
 
[debug] [2020-03-26T17:35:21.337Z] <<< HTTP RESPONSE 200
[info] i  Using project angular-image-gallery-2185d (Angular Image Gallery)
[info] 
=== Hosting Setup
[info] 
[info] Your public directory is the folder (relative to your project directory) that
[info] will contain Hosting assets to be uploaded with firebase deploy. If you
[info] have a build process for your assets, use your build's output directory.
[info] 
